Code/build/app/outputs/mapping/release/mapping.txt
# compiler: R8
# compiler_version: 1.5.64
# min_api: 16
# pg_map_id: 3a440ab
...
io.flutter.embedding.engine.plugins.service.ServiceControlSurface -> io.flutter.embedding.engine.g.f.b:
io.flutter.embedding.engine.plugins.service.ServicePluginBinding -> io.flutter.embedding.engine.g.f.c:
io.flutter.embedding.engine.plugins.shim.ShimPluginRegistry -> io.flutter.embedding.engine.g.g.a:
    java.util.Map pluginMap -> b
    io.flutter.embedding.engine.plugins.shim.ShimPluginRegistry$ShimRegistrarAggregate shimRegistrarAggregate -> c
    io.flutter.embedding.engine.FlutterEngine flutterEngine -> a
    io.flutter.plugin.common.PluginRegistry$Registrar registrarFor(java.lang.String) -> a
io.flutter.embedding.engine.plugins.shim.ShimPluginRegistry$1 -> io.flutter.embedding.engine.g.g.a$a:
io.flutter.embedding.engine.plugins.shim.ShimPluginRegistry$ShimRegistrarAggregate -> io.flutter.embedding.engine.g.g.a$b:
    io.flutter.embedding.engine.plugins.activity.ActivityPluginBinding activityPluginBinding -> c
    io.flutter.embedding.engine.plugins.FlutterPlugin$FlutterPluginBinding flutterPluginBinding -> b
    java.util.Set shimRegistrars -> a
    void addPlugin(io.flutter.embedding.engine.plugins.shim.ShimRegistrar) -> a
io.flutter.embedding.engine.plugins.shim.ShimRegistrar -> io.flutter.embedding.engine.g.g.b:
    java.util.Set activityResultListeners -> c
    java.util.Set newIntentListeners -> d
    java.util.Set userLeaveHintListeners -> e
    java.util.Set viewDestroyListeners -> a
    io.flutter.embedding.engine.plugins.FlutterPlugin$FlutterPluginBinding pluginBinding -> f
    java.util.Set requestPermissionsResultListeners -> b
    io.flutter.embedding.engine.plugins.activity.ActivityPluginBinding activityPluginBinding -> g
    io.flutter.plugin.common.PluginRegistry$Registrar addRequestPermissionsResultListener(io.flutter.plugin.common.PluginRegistry$RequestPermissionsResultListener) -> a
    io.flutter.plugin.common.PluginRegistry$Registrar addViewDestroyListener(io.flutter.plugin.common.PluginRegistry$ViewDestroyListener) -> a
    io.flutter.plugin.common.BinaryMessenger messenger() -> a
    android.content.Context context() -> b
    android.content.Context activeContext() -> c
    android.app.Activity activity() -> d
    void addExistingListenersToActivityPluginBinding() -> e
io.flutter.embedding.engine.renderer.FlutterRenderer -> io.flutter.embedding.engine.h.a:
    io.flutter.embedding.engine.FlutterJNI flutterJNI -> a
    java.util.concurrent.atomic.AtomicLong nextTextureId -> b
    android.view.Surface surface -> c
    io.flutter.embedding.engine.renderer.FlutterUiDisplayListener flutterUiDisplayListener -> e
    boolean isDisplayingFlutterUi -> d
    boolean access$002(io.flutter.embedding.engine.renderer.FlutterRenderer,boolean) -> a
    void access$300(io.flutter.embedding.engine.renderer.FlutterRenderer,long) -> a
    void addIsDisplayingFlutterUiListener(io.flutter.embedding.engine.renderer.FlutterUiDisplayListener) -> a
    io.flutter.view.TextureRegistry$SurfaceTextureEntry createSurfaceTexture() -> a
    void dispatchPointerDataPacket(java.nio.ByteBuffer,int) -> a
    void markTextureFrameAvailable(long) -> a
    void registerTexture(long,android.graphics.SurfaceTexture) -> a
    void setSemanticsEnabled(boolean) -> a
    void setViewportMetrics(io.flutter.embedding.engine.renderer.FlutterRenderer$ViewportMetrics) -> a
    void startRenderingToSurface(android.view.Surface) -> a
    void surfaceChanged(int,int) -> a
    void access$400(io.flutter.embedding.engine.renderer.FlutterRenderer,long) -> b
    boolean isDisplayingFlutterUi() -> b
    void removeIsDisplayingFlutterUiListener(io.flutter.embedding.engine.renderer.FlutterUiDisplayListener) -> b
    void unregisterTexture(long) -> b
    boolean isSoftwareRenderingEnabled() -> c
io.flutter.embedding.engine.renderer.FlutterRenderer$1 -> io.flutter.embedding.engine.h.a$a:
    io.flutter.embedding.engine.renderer.FlutterRenderer this$0 -> a
    void onFlutterUiDisplayed() -> b
    void onFlutterUiNoLongerDisplayed() -> c